ERROR: ld.so: object '/home/diablo/.local/share/Steam/ubuntu12_32/gameoverlayrenderer.so' from LD_PRELOAD cannot be preloaded (wrong ELF class: ELFCLASS32): ignored.
Setting breakpad minidump AppID = 290770
Steam_SetMinidumpSteamID:  Caching Steam ID:  76561198049021576 [API loaded no]
ERROR: ld.so: object '/home/diablo/.local/share/Steam/ubuntu12_32/gameoverlayrenderer.so' from LD_PRELOAD cannot be preloaded (wrong ELF class: ELFCLASS32): ignored.
 256 MB
    Extensions: GL_ARB_multisample GL_EXT_abgr GL_EXT_bgra GL_EXT_blend_color GL_EXT_blend_minmax GL_EXT_blend_subtract GL_EXT_copy_texture GL_EXT_polygon_offset GL_EXT_subtexture GL_EXT_texture_object GL_EXT_vertex_array GL_EXT_compiled_vertex_array GL_EXT_texture GL_EXT_texture3D GL_IBM_rasterpos_clip GL_ARB_point_parameters GL_EXT_draw_range_elements GL_EXT_packed_pixels GL_EXT_point_parameters GL_EXT_rescale_normal GL_EXT_separate_specular_color GL_EXT_texture_edge_clamp GL_SGIS_generate_mipmap GL_SGIS_texture_border_clamp GL_SGIS_texture_edge_clamp GL_SGIS_texture_lod GL_ARB_framebuffer_sRGB GL_ARB_multitexture GL_EXT_framebuffer_sRGB GL_IBM_multimode_draw_arrays GL_IBM_texture_mirrored_repeat GL_3DFX_texture_compression_FXT1 GL_ARB_texture_cube_map GL_ARB_texture_env_add GL_ARB_transpose_matrix GL_EXT_blend_func_separate GL_EXT_fog_coord GL_EXT_multi_draw_arrays GL_EXT_secondary_color GL_EXT_texture_env_add GL_EXT_texture_filter_anisotropic GL_EXT_texture_lod_bias GL_INGR_blend_func_separate GL_NV_blend_square GL_NV_light_max_exponent GL_NV_texgen_reflection GL_NV_texture_env_combine4 GL_S3_s3tc GL_SUN_multi_draw_arrays GL_ARB_texture_border_clamp GL_ARB_texture_compression GL_EXT_framebuffer_object GL_EXT_texture_env_combine GL_EXT_texture_env_dot3 GL_MESA_window_pos GL_NV_packed_depth_stencil GL_NV_texture_rectangle GL_ARB_depth_texture GL_ARB_occlusion_query GL_ARB_shadow GL_ARB_texture_env_combine GL_ARB_texture_env_crossbar GL_ARB_texture_env_dot3 GL_ARB_texture_mirrored_repeat GL_ARB_window_pos GL_EXT_stencil_two_side GL_EXT_texture_cube_map GL_NV_depth_clamp GL_APPLE_packed_pixels GL_APPLE_vertex_array_object GL_ARB_draw_buffers GL_ARB_fragment_program GL_ARB_fragment_shader GL_ARB_shader_objects GL_ARB_vertex_program GL_ARB_vertex_shader GL_ATI_draw_buffers GL_ATI_texture_env_combine3 GL_ATI_texture_float GL_EXT_shadow_funcs GL_EXT_stencil_wrap GL_MESA_pack_invert GL_NV_primitive_restart GL_ARB_depth_clamp GL_ARB_fragment_program_shadow GL_ARB_half_float_pixel GL_ARB_occlusion_query2 GL_ARB_point_sprite GL_ARB_shading_language_100 GL_ARB_sync GL_ARB_texture_non_power_of_two GL_ARB_vertex_buffer_object GL_ATI_blend_equation_separate GL_EXT_blend_equation_separate GL_OES_read_format GL_ARB_color_buffer_float GL_ARB_pixel_buffer_object GL_ARB_texture_compression_rgtc GL_ARB_texture_float GL_ARB_texture_rectangle GL_EXT_packed_float GL_EXT_pixel_buffer_object GL_EXT_texture_compression_dxt1 GL_EXT_texture_compression_rgtc GL_EXT_texture_rectangle GL_EXT_texture_sRGB GL_EXT_texture_shared_exponent GL_ARB_framebuffer_object GL_EXT_framebuffer_blit GL_EXT_framebuffer_multisample GL_EXT_packed_depth_stencil GL_APPLE_object_purgeable GL_ARB_vertex_array_object GL_ATI_separate_stencil GL_EXT_draw_buffers2 GL_EXT_draw_instanced GL_EXT_gpu_program_parameters GL_EXT_texture_array GL_EXT_texture_integer GL_EXT_texture_sRGB_decode GL_EXT_timer_query GL_OES_EGL_image GL_AMD_performance_monitor GL_ARB_copy_buffer GL_ARB_depth_buffer_float GL_ARB_draw_instanced GL_ARB_half_float_vertex GL_ARB_instanced_arrays GL_ARB_map_buffer_range GL_ARB_texture_rg GL_ARB_texture_swizzle GL_ARB_vertex_array_bgra GL_EXT_texture_swizzle GL_EXT_vertex_array_bgra GL_NV_conditional_render GL_AMD_conservative_depth GL_AMD_draw_buffers_blend GL_AMD_seamless_cubemap_per_texture GL_ARB_ES2_compatibility GL_ARB_blend_func_extended GL_ARB_debug_output GL_ARB_draw_buffers_blend GL_ARB_draw_elements_base_vertex GL_ARB_explicit_attrib_location GL_ARB_fragment_coord_conventions GL_ARB_provoking_vertex GL_ARB_sample_shading GL_ARB_sampler_objects GL_ARB_seamless_cube_map GL_ARB_shader_texture_lod GL_ARB_texture_cube_map_array GL_ARB_texture_gather GL_ARB_texture_multisample GL_ARB_texture_query_lod GL_ARB_texture_rgb10_a2ui GL_ARB_uniform_buffer_object GL_ARB_vertex_type_2_10_10_10_rev GL_EXT_provoking_vertex GL_EXT_texture_snorm GL_MESA_texture_signed_rgba GL_ARB_get_program_binary GL_ARB_robustness GL_ARB_separate_shader_objects GL_ARB_shader_bit_encoding GL_ARB_texture_compression_bptc GL_ARB_timer_query GL_ARB_transform_feedback2 GL_ARB_transform_feedback3 GL_ANGLE_texture_compression_dxt3 GL_ANGLE_texture_compression_dxt5 GL_ARB_compressed_texture_pixel_storage GL_ARB_conservative_depth GL_ARB_internalformat_query GL_ARB_map_buffer_alignment GL_ARB_shader_atomic_counters GL_ARB_shading_language_420pack GL_ARB_shading_language_packing GL_ARB_texture_storage GL_ARB_transform_feedback_instanced GL_EXT_framebuffer_multisample_blit_scaled GL_EXT_transform_feedback GL_AMD_shader_trinary_minmax GL_ARB_ES3_compatibility GL_ARB_clear_buffer_object GL_ARB_copy_image GL_ARB_explicit_uniform_location GL_ARB_invalidate_subdata GL_ARB_texture_query_levels GL_ARB_texture_storage_multisample GL_ARB_texture_view GL_ARB_vertex_attrib_binding GL_KHR_debug GL_ARB_buffer_storage GL_ARB_clear_texture GL_ARB_multi_bind GL_ARB_seamless_cubemap_per_texture GL_ARB_texture_mirror_clamp_to_edge GL_ARB_vertex_type_10f_11f_11f_rev GL_EXT_shader_integer_mix GL_INTEL_performance_query GL_ARB_conditional_render_inverted GL_ARB_derivative_control 
GLX Extensions: GLX_ARB_create_context GLX_ARB_create_context_profile GLX_ARB_create_context_robustness GLX_ARB_fbconfig_float GLX_ARB_framebuffer_sRGB GLX_ARB_get_proc_address GLX_ARB_multisample GLX_EXT_import_context GLX_EXT_visual_info GLX_EXT_visual_rating GLX_EXT_framebuffer_sRGB GLX_EXT_create_context_es2_profile GLX_MESA_copy_sub_buffer GLX_MESA_multithread_makecurrent GLX_MESA_query_renderer GLX_MESA_swap_control GLX_OML_swap_method GLX_OML_sync_control GLX_SGI_make_current_read GLX_SGI_swap_control GLX_SGI_video_sync GLX_SGIS_multisample GLX_SGIX_fbconfig GLX_SGIX_pbuffer GLX_SGIX_visual_select_group GLX_EXT_texture_from_pixmap GLX_INTEL_swap_event 
Setting maxVSyncInterval to 4
GL: disabling shadows on Intel 9xx (buggy)
GL: disabling framebuffer blit, antialiasing, SRGB on Intel
GL: Detected 0 MB VRAM
Total system RAM: 7902 MiB
Initialize engine version: 4.5.2p1 (2d660ec05104)
AudioManager: Using ALSA: default
Begin MonoManager ReloadAssembly
Platform assembly: /home/diablo/.local/share/Steam/steamapps/common/TheFall/TheFall_Data/Managed/UnityEngine.dll (this message is harmless)
Loading /home/diablo/.local/share/Steam/steamapps/common/TheFall/TheFall_Data/Managed/UnityEngine.dll into Unity Child Domain
Platform assembly: /home/diablo/.local/share/Steam/steamapps/common/TheFall/TheFall_Data/Managed/Assembly-CSharp-firstpass.dll (this message is harmless)
Loading /home/diablo/.local/share/Steam/steamapps/common/TheFall/TheFall_Data/Managed/Assembly-CSharp-firstpass.dll into Unity Child Domain
Platform assembly: /home/diablo/.local/share/Steam/steamapps/common/TheFall/TheFall_Data/Managed/Assembly-CSharp.dll (this message is harmless)
Loading /home/diablo/.local/share/Steam/steamapps/common/TheFall/TheFall_Data/Managed/Assembly-CSharp.dll into Unity Child Domain
Platform assembly: /home/diablo/.local/share/Steam/steamapps/common/TheFall/TheFall_Data/Managed/Assembly-UnityScript-firstpass.dll (this message is harmless)
Loading /home/diablo/.local/share/Steam/steamapps/common/TheFall/TheFall_Data/Managed/Assembly-UnityScript-firstpass.dll into Unity Child Domain
Platform assembly: /home/diablo/.local/share/Steam/steamapps/common/TheFall/TheFall_Data/Managed/Assembly-UnityScript.dll (this message is harmless)
Loading /home/diablo/.local/share/Steam/steamapps/common/TheFall/TheFall_Data/Managed/Assembly-UnityScript.dll into Unity Child Domain
Platform assembly: /home/diablo/.local/share/Steam/steamapps/common/TheFall/TheFall_Data/Managed/SteamworksManaged.dll (this message is harmless)
Loading /home/diablo/.local/share/Steam/steamapps/common/TheFall/TheFall_Data/Managed/SteamworksManaged.dll into Unity Child Domain
- Completed reload, in  0.344 seconds
Compositing window manager detected - disabling vsync for performance
Default vsync count 0
requesting resize 854 x 480
requesting fullscreen 854 x 480 at 0 Hz
Desktop is 1600 x 900 @ 60 Hz
/dev/input/js0: driver version: 2.1.0 (20100)
/dev/input/js0: fd 62, buttons 0, axes 3, name ST LIS3LV02DL Accelerometer
/dev/input/js0: axis  0: raw  -3728, mapped 0.000000
/dev/input/js0: axis  1: raw     43, mapped 0.000000
/dev/input/js0: axis  2: raw  16990, mapped 0.000000
Platform assembly: /home/diablo/.local/share/Steam/steamapps/common/TheFall/TheFall_Data/Managed/System.Core.dll (this message is harmless)
Platform assembly: /home/diablo/.local/share/Steam/steamapps/common/TheFall/TheFall_Data/Managed/System.Xml.dll (this message is harmless)
Fallback handler could not load library /home/diablo/.local/share/Steam/steamapps/common/TheFall/TheFall_Data/Mono/x86/SteamworksNative
Fallback handler could not load library /home/diablo/.local/share/Steam/steamapps/common/TheFall/TheFall_Data/Mono/x86/SteamworksNative
Fallback handler could not load library /home/diablo/.local/share/Steam/steamapps/common/TheFall/TheFall_Data/Mono/x86/SteamworksNative
Fallback handler could not load library /home/diablo/.local/share/Steam/steamapps/common/TheFall/TheFall_Data/Mono/x86/SteamworksNative
Fallback handler could not load library /home/diablo/.local/share/Steam/steamapps/common/TheFall/TheFall_Data/Mono/x86/SteamworksNative
Fallback handler could not load library /home/diablo/.local/share/Steam/steamapps/common/TheFall/TheFall_Data/Mono/x86/SteamworksNative
Fallback handler could not load library /home/diablo/.local/share/Steam/steamapps/common/TheFall/TheFall_Data/Mono/x86/SteamworksNative
Fallback handler could not load library /home/diablo/.local/share/Steam/steamapps/common/TheFall/TheFall_Data/Mono/x86/SteamworksNative
Fallback handler could not load library /home/diablo/.local/share/Steam/steamapps/common/TheFall/TheFall_Data/Mono/x86/SteamworksNative
Fallback handler could not load library /home/diablo/.local/share/Steam/steamapps/common/TheFall/TheFall_Data/Mono/x86/SteamworksNative
Fallback handler could not load library /home/diablo/.local/share/Steam/steamapps/common/TheFall/TheFall_Data/Mono/x86/SteamworksNative
Fallback handler could not load library /home/diablo/.local/share/Steam/steamapps/common/TheFall/TheFall_Data/Mono/x86/SteamworksNative
Fallback handler could not load library /home/diablo/.local/share/Steam/steamapps/common/TheFall/TheFall_Data/Mono/x86/SteamworksNative
Changing real window size to 854 x 480
Ignoring window size change to 854x480 : waiting for fullscreen at 854x480
Changing real window size to 854 x 480
Changing real window size to 1600 x 900
Setting up downscaled viewport at 854 x 480
Changing real window size to 1600 x 900
Changing real window size to 1600 x 900
Fallback handler could not load library /home/diablo/.local/share/Steam/steamapps/common/TheFall/TheFall_Data/Mono/x86/SteamworksNative
Fallback handler could not load library /home/diablo/.local/share/Steam/steamapps/common/TheFall/TheFall_Data/Mono/x86/SteamworksNative
Fallback handler could not load library /home/diablo/.local/share/Steam/steamapps/common/TheFall/TheFall_Data/Mono/x86/SteamworksNative
loading english
 
(Filename: /BuildAgent/work/d63dfc6385190b60/artifacts/LinuxStandalonePlayerGenerated/UnityEngineDebug.cpp Line: 49)

Platform assembly: /home/diablo/.local/share/Steam/steamapps/common/TheFall/TheFall_Data/Managed/System.dll (this message is harmless)
saved resolution key found
 
(Filename: /BuildAgent/work/d63dfc6385190b60/artifacts/LinuxStandalonePlayerGenerated/UnityEngineDebug.cpp Line: 49)

loading resolution key, it was 854,480
 
(Filename: /BuildAgent/work/d63dfc6385190b60/artifacts/LinuxStandalonePlayerGenerated/UnityEngineDebug.cpp Line: 49)

Build v. 1.43
 
(Filename: /BuildAgent/work/d63dfc6385190b60/artifacts/LinuxStandalonePlayerGenerated/UnityEngineDebug.cpp Line: 49)

Fallback handler could not load library /home/diablo/.local/share/Steam/steamapps/common/TheFall/TheFall_Data/Mono/x86/SteamworksNative
value.GameID: 290770; Steamworks.SteamInterface.AppID: 290770
 
(Filename: /BuildAgent/work/d63dfc6385190b60/artifacts/LinuxStandalonePlayerGenerated/UnityEngineDebug.cpp Line: 49)

value.Result: OK
 
(Filename: /BuildAgent/work/d63dfc6385190b60/artifacts/LinuxStandalonePlayerGenerated/UnityEngineDebug.cpp Line: 49)

Fallback handler could not load library /home/diablo/.local/share/Steam/steamapps/common/TheFall/TheFall_Data/Mono/x86/SteamworksNative
Failed to read TestStatInt
 
(Filename: /BuildAgent/work/d63dfc6385190b60/artifacts/LinuxStandalonePlayerGenerated/UnityEngineDebug.cpp Line: 49)

Fallback handler could not load library /home/diablo/.local/share/Steam/steamapps/common/TheFall/TheFall_Data/Mono/x86/SteamworksNative
Failed to read TestStatFloat
 
(Filename: /BuildAgent/work/d63dfc6385190b60/artifacts/LinuxStandalonePlayerGenerated/UnityEngineDebug.cpp Line: 49)

TestStatInt = 0
 
(Filename: /BuildAgent/work/d63dfc6385190b60/artifacts/LinuxStandalonePlayerGenerated/UnityEngineDebug.cpp Line: 49)

TestStatFloat = 0
 
(Filename: /BuildAgent/work/d63dfc6385190b60/artifacts/LinuxStandalonePlayerGenerated/UnityEngineDebug.cpp Line: 49)

Fallback handler could not load library /home/diablo/.local/share/Steam/steamapps/common/TheFall/TheFall_Data/Mono/x86/SteamworksNative
Failed to write TestStatInt
 
(Filename: /BuildAgent/work/d63dfc6385190b60/artifacts/LinuxStandalonePlayerGenerated/UnityEngineDebug.cpp Line: 49)

Fallback handler could not load library /home/diablo/.local/share/Steam/steamapps/common/TheFall/TheFall_Data/Mono/x86/SteamworksNative
Failed to write TestStatFloat
 
(Filename: /BuildAgent/work/d63dfc6385190b60/artifacts/LinuxStandalonePlayerGenerated/UnityEngineDebug.cpp Line: 49)

Fallback handler could not load library /home/diablo/.local/share/Steam/steamapps/common/TheFall/TheFall_Data/Mono/x86/SteamworksNative
requesting resize 854 x 480
requesting fullscreen 854 x 480 at 0 Hz
Desktop is 1600 x 900 @ 60 Hz
Stats saved to the server successfully.
 
(Filename: /BuildAgent/work/d63dfc6385190b60/artifacts/LinuxStandalonePlayerGenerated/UnityEngineDebug.cpp Line: 49)

The referenced script on this Behaviour is missing!
 
(Filename:  Line: 1783)

The referenced script on this Behaviour is missing!
 
(Filename:  Line: 1783)

The referenced script on this Behaviour is missing!
 
(Filename:  Line: 1783)

UnloadTime: 2.769000 ms
InControl (version 1.1.6 build 2332)
 
(Filename: /BuildAgent/work/d63dfc6385190b60/artifacts/LinuxStandalonePlayerGenerated/UnityEngineDebug.cpp Line: 49)

Set instance
 
(Filename: /BuildAgent/work/d63dfc6385190b60/artifacts/LinuxStandalonePlayerGenerated/UnityEngineDebug.cpp Line: 49)

Unloading 5 Unused Serialized files (Serialized files now loaded: 0 / Dirty serialized files: 0)

Unloading 8 unused Assets to reduce memory usage. Loaded Objects now: 1272.
Total: 4.771000 ms (FindLiveObjects: 0.079000 ms CreateObjectMapping: 0.059000 ms MarkObjects: 2.278000 ms  DeleteObjects: 2.238000 ms)

Can't add component because class 'MainMenu_DrawSelectSave' doesn't exist!
 
(Filename:  Line: 38)

UnloadTime: 4.147000 ms
Unloading 3 Unused Serialized files (Serialized files now loaded: 0 / Dirty serialized files: 0)

Unloading 49 unused Assets to reduce memory usage. Loaded Objects now: 1033.
Total: 11.162000 ms (FindLiveObjects: 0.090000 ms CreateObjectMapping: 0.072000 ms MarkObjects: 3.606000 ms  DeleteObjects: 7.310000 ms)

The referenced script on this Behaviour is missing!
 
(Filename:  Line: 1783)

The referenced script on this Behaviour is missing!
 
(Filename:  Line: 1783)

The referenced script on this Behaviour is missing!
 
(Filename:  Line: 1783)

The referenced script on this Behaviour is missing!
 
(Filename:  Line: 1783)

The referenced script on this Behaviour is missing!
 
(Filename:  Line: 1783)

The referenced script on this Behaviour is missing!
 
(Filename:  Line: 1783)

The referenced script on this Behaviour is missing!
 
(Filename:  Line: 1783)

UnloadTime: 2.023000 ms
Exception: InputManager.EnableXInput must be set before calling InputManager.Setup().
  at InControl.InputManager.set_EnableXInput (Boolean value) [0x00000] in <filename unknown>:0 
  at InControl.InControlManager.OnEnable () [0x00000] in <filename unknown>:0 
 
(Filename:  Line: -1)

Only custom filters can be played. Please add a custom filter or an audioclip to the audiosource (DialogueAudioSource).
 
(Filename:  Line: 438)

Unloading 9 Unused Serialized files (Serialized files now loaded: 0 / Dirty serialized files: 0)

Unloading 2 unused Assets to reduce memory usage. Loaded Objects now: 23396.
Total: 7.003000 ms (FindLiveObjects: 1.366000 ms CreateObjectMapping: 0.294000 ms MarkObjects: 5.143000 ms  DeleteObjects: 0.045000 ms)

building power cell log
 
(Filename: /BuildAgent/work/d63dfc6385190b60/artifacts/LinuxStandalonePlayerGenerated/UnityEngineDebug.cpp Line: 49)

entry was : I have completed the repairs.
 
(Filename: /BuildAgent/work/d63dfc6385190b60/artifacts/LinuxStandalonePlayerGenerated/UnityEngineDebug.cpp Line: 49)

entry was : huh?
 
(Filename: /BuildAgent/work/d63dfc6385190b60/artifacts/LinuxStandalonePlayerGenerated/UnityEngineDebug.cpp Line: 49)

entry was : <Child satisfied.>
 
(Filename: /BuildAgent/work/d63dfc6385190b60/artifacts/LinuxStandalonePlayerGenerated/UnityEngineDebug.cpp Line: 49)

entry was : Yeahp. Purrs like a kitten.
 
(Filename: /BuildAgent/work/d63dfc6385190b60/artifacts/LinuxStandalonePlayerGenerated/UnityEngineDebug.cpp Line: 49)

Platform assembly: /home/diablo/.local/share/Steam/steamapps/common/TheFall/TheFall_Data/Managed/Boo.Lang.dll (this message is harmless)
entry was : <A well functioning droid belongs in the kitchen.>
 
(Filename: /BuildAgent/work/d63dfc6385190b60/artifacts/LinuxStandalonePlayerGenerated/UnityEngineDebug.cpp Line: 49)

entry was : Make it delicious and nutritious.
 
(Filename: /BuildAgent/work/d63dfc6385190b60/artifacts/LinuxStandalonePlayerGenerated/UnityEngineDebug.cpp Line: 49)

entry was : <Exit the house and proceed to the grocery store.>
 
(Filename: /BuildAgent/work/d63dfc6385190b60/artifacts/LinuxStandalonePlayerGenerated/UnityEngineDebug.cpp Line: 49)

entry was : I discovered another hung body. What has happened to the humans who ran this facility?
 
(Filename: /BuildAgent/work/d63dfc6385190b60/artifacts/LinuxStandalonePlayerGenerated/UnityEngineDebug.cpp Line: 49)

entry was : The caretaker has made some, modifications.
 
(Filename: /BuildAgent/work/d63dfc6385190b60/artifacts/LinuxStandalonePlayerGenerated/UnityEngineDebug.cpp Line: 49)

entry was : ...
 
(Filename: /BuildAgent/work/d63dfc6385190b60/artifacts/LinuxStandalonePlayerGenerated/UnityEngineDebug.cpp Line: 49)

entry was : If you fail these evaluations... you, and likely your human, will be depurposed.
 
(Filename: /BuildAgent/work/d63dfc6385190b60/artifacts/LinuxStandalonePlayerGenerated/UnityEngineDebug.cpp Line: 49)

entry was : I will not allow that.
 
(Filename: /BuildAgent/work/d63dfc6385190b60/artifacts/LinuxStandalonePlayerGenerated/UnityEngineDebug.cpp Line: 49)

entry was : <Continue your evaluation.>
 
(Filename: /BuildAgent/work/d63dfc6385190b60/artifacts/LinuxStandalonePlayerGenerated/UnityEngineDebug.cpp Line: 49)

entry was : This is menial. Can I bypass this test?
 
(Filename: /BuildAgent/work/d63dfc6385190b60/artifacts/LinuxStandalonePlayerGenerated/UnityEngineDebug.cpp Line: 49)

entry was : Nope. You need all eight merit points to graduate.
 
(Filename: /BuildAgent/work/d63dfc6385190b60/artifacts/LinuxStandalonePlayerGenerated/UnityEngineDebug.cpp Line: 49)

entry was : Can you assist me with this challenge?
 
(Filename: /BuildAgent/work/d63dfc6385190b60/artifacts/LinuxStandalonePlayerGenerated/UnityEngineDebug.cpp Line: 49)

entry was : Dad!
 
(Filename: /BuildAgent/work/d63dfc6385190b60/artifacts/LinuxStandalonePlayerGenerated/UnityEngineDebug.cpp Line: 49)

entry was : Weren't you programmed to be sensitive? Figure it out!
 
(Filename: /BuildAgent/work/d63dfc6385190b60/artifacts/LinuxStandalonePlayerGenerated/UnityEngineDebug.cpp Line: 49)

entry was : Children can be picky eaters. They don't always want what's best for them.
 
(Filename: /BuildAgent/work/d63dfc6385190b60/artifacts/LinuxStandalonePlayerGenerated/UnityEngineDebug.cpp Line: 49)

entry was : I have completed the task.
 
(Filename: /BuildAgent/work/d63dfc6385190b60/artifacts/LinuxStandalonePlayerGenerated/UnityEngineDebug.cpp Line: 49)

entry was : Where's my food robot!
 
(Filename: /BuildAgent/work/d63dfc6385190b60/artifacts/LinuxStandalonePlayerGenerated/UnityEngineDebug.cpp Line: 49)

PLAYER LOADING
 
(Filename: /BuildAgent/work/d63dfc6385190b60/artifacts/LinuxStandalonePlayerGenerated/UnityEngineDebug.cpp Line: 49)

Couldn't find an object that matched Savable object : BG1 Trigger
 
(Filename: /BuildAgent/work/d63dfc6385190b60/artifacts/LinuxStandalonePlayerGenerated/UnityEngineDebug.cpp Line: 49)

Couldn't find an object that matched Savable object : ToolBox
 
(Filename: /BuildAgent/work/d63dfc6385190b60/artifacts/LinuxStandalonePlayerGenerated/UnityEngineDebug.cpp Line: 49)

Couldn't find an object that matched Savable object : RobotArm
 
(Filename: /BuildAgent/work/d63dfc6385190b60/artifacts/LinuxStandalonePlayerGenerated/UnityEngineDebug.cpp Line: 49)

Couldn't find an object that matched Savable object : SecurityCard
 
(Filename: /BuildAgent/work/d63dfc6385190b60/artifacts/LinuxStandalonePlayerGenerated/UnityEngineDebug.cpp Line: 49)

Couldn't find an object that matched Savable object : ElevatorCP1
 
(Filename: /BuildAgent/work/d63dfc6385190b60/artifacts/LinuxStandalonePlayerGenerated/UnityEngineDebug.cpp Line: 49)

Couldn't find an object that matched Savable object : Top trigger
 
(Filename: /BuildAgent/work/d63dfc6385190b60/artifacts/LinuxStandalonePlayerGenerated/UnityEngineDebug.cpp Line: 49)

Couldn't find an object that matched Savable object : MetalPan
 
(Filename: /BuildAgent/work/d63dfc6385190b60/artifacts/LinuxStandalonePlayerGenerated/UnityEngineDebug.cpp Line: 49)

Couldn't find an object that matched Savable object : EvaluatorDoorControll
 
(Filename: /BuildAgent/work/d63dfc6385190b60/artifacts/LinuxStandalonePlayerGenerated/UnityEngineDebug.cpp Line: 49)

FOUND EVALUATOR OBJECT
 
(Filename: /BuildAgent/work/d63dfc6385190b60/artifacts/LinuxStandalonePlayerGenerated/UnityEngineDebug.cpp Line: 49)

Couldn't find an object that matched Savable object : NIS_Evaluator
 
(Filename: /BuildAgent/work/d63dfc6385190b60/artifacts/LinuxStandalonePlayerGenerated/UnityEngineDebug.cpp Line: 49)

Couldn't find an object that matched Savable object : BG2 Trigger
 
(Filename: /BuildAgent/work/d63dfc6385190b60/artifacts/LinuxStandalonePlayerGenerated/UnityEngineDebug.cpp Line: 49)

Couldn't find an object that matched Savable object : HiddenARU
 
(Filename: /BuildAgent/work/d63dfc6385190b60/artifacts/LinuxStandalonePlayerGenerated/UnityEngineDebug.cpp Line: 49)

Couldn't find an object that matched Savable object : HiddenARUBlood
 
(Filename: /BuildAgent/work/d63dfc6385190b60/artifacts/LinuxStandalonePlayerGenerated/UnityEngineDebug.cpp Line: 49)

Couldn't find an object that matched Savable object : Blaster_PickupLvl1
 
(Filename: /BuildAgent/work/d63dfc6385190b60/artifacts/LinuxStandalonePlayerGenerated/UnityEngineDebug.cpp Line: 49)

Couldn't find an object that matched Savable object : Take Down Tutorial
 
(Filename: /BuildAgent/work/d63dfc6385190b60/artifacts/LinuxStandalonePlayerGenerated/UnityEngineDebug.cpp Line: 49)

Couldn't find an object that matched Savable object : Cross
 
(Filename: /BuildAgent/work/d63dfc6385190b60/artifacts/LinuxStandalonePlayerGenerated/UnityEngineDebug.cpp Line: 49)

Couldn't find an object that matched Savable object : FallenARU
 
(Filename: /BuildAgent/work/d63dfc6385190b60/artifacts/LinuxStandalonePlayerGenerated/UnityEngineDebug.cpp Line: 49)

Couldn't find an object that matched Savable object : ElevatorCP2
 
(Filename: /BuildAgent/work/d63dfc6385190b60/artifacts/LinuxStandalonePlayerGenerated/UnityEngineDebug.cpp Line: 49)

updating music state on load to E2_Music, Opening
 
(Filename: /BuildAgent/work/d63dfc6385190b60/artifacts/LinuxStandalonePlayerGenerated/UnityEngineDebug.cpp Line: 49)

Got a call to set music state to E2_Music, Opening
 
(Filename: /BuildAgent/work/d63dfc6385190b60/artifacts/LinuxStandalonePlayerGenerated/UnityEngineDebug.cpp Line: 49)

Got a call to set music state to E2_Music, Opening
 
(Filename: /BuildAgent/work/d63dfc6385190b60/artifacts/LinuxStandalonePlayerGenerated/UnityEngineDebug.cpp Line: 49)

Got a call to set music state to E2_Music, Opening
 
(Filename: /BuildAgent/work/d63dfc6385190b60/artifacts/LinuxStandalonePlayerGenerated/UnityEngineDebug.cpp Line: 49)

Got a call to set music state to E2_Music, Opening
 
(Filename: /BuildAgent/work/d63dfc6385190b60/artifacts/LinuxStandalonePlayerGenerated/UnityEngineDebug.cpp Line: 49)

Got a call to set music state to E2_Music, Opening
 
(Filename: /BuildAgent/work/d63dfc6385190b60/artifacts/LinuxStandalonePlayerGenerated/UnityEngineDebug.cpp Line: 49)

Got a call to set music state to E2_Music, Opening
 
(Filename: /BuildAgent/work/d63dfc6385190b60/artifacts/LinuxStandalonePlayerGenerated/UnityEngineDebug.cpp Line: 49)

Can't add component because class 'Player_Use' doesn't exist!
 
(Filename:  Line: 38)

entry was : <Working together today, for a more efficient tomorrow.>
 
(Filename: /BuildAgent/work/d63dfc6385190b60/artifacts/LinuxStandalonePlayerGenerated/UnityEngineDebug.cpp Line: 49)

entry was : <If this is an emergency, press "5" for facility lock down.>
 
(Filename: /BuildAgent/work/d63dfc6385190b60/artifacts/LinuxStandalonePlayerGenerated/UnityEngineDebug.cpp Line: 49)

entry was : 
 
(Filename: /BuildAgent/work/d63dfc6385190b60/artifacts/LinuxStandalonePlayerGenerated/UnityEngineDebug.cpp Line: 49)

entry was : <If you are beginning or ending your shift press "1". If you are logging a break, press "2".>
 
(Filename: /BuildAgent/work/d63dfc6385190b60/artifacts/LinuxStandalonePlayerGenerated/UnityEngineDebug.cpp Line: 49)

entry was : 
 
(Filename: /BuildAgent/work/d63dfc6385190b60/artifacts/LinuxStandalonePlayerGenerated/UnityEngineDebug.cpp Line: 49)

entry was : <You are an integral part of our family. Please enter your Domesticon employee number.>
 
(Filename: /BuildAgent/work/d63dfc6385190b60/artifacts/LinuxStandalonePlayerGenerated/UnityEngineDebug.cpp Line: 49)

entry was : ...
 
(Filename: /BuildAgent/work/d63dfc6385190b60/artifacts/LinuxStandalonePlayerGenerated/UnityEngineDebug.cpp Line: 49)

entry was : <Main menu.>
 
(Filename: /BuildAgent/work/d63dfc6385190b60/artifacts/LinuxStandalonePlayerGenerated/UnityEngineDebug.cpp Line: 49)

entry was : 
 
(Filename: /BuildAgent/work/d63dfc6385190b60/artifacts/LinuxStandalonePlayerGenerated/UnityEngineDebug.cpp Line: 49)

entry was : <Main menu.>
 
(Filename: /BuildAgent/work/d63dfc6385190b60/artifacts/LinuxStandalonePlayerGenerated/UnityEngineDebug.cpp Line: 49)

entry was : 
 
(Filename: /BuildAgent/work/d63dfc6385190b60/artifacts/LinuxStandalonePlayerGenerated/UnityEngineDebug.cpp Line: 49)

entry was : <Press "1" to return to the main menu. Or press "2" to record a message.>
 
(Filename: /BuildAgent/work/d63dfc6385190b60/artifacts/LinuxStandalonePlayerGenerated/UnityEngineDebug.cpp Line: 49)

entry was : 
 
(Filename: /BuildAgent/work/d63dfc6385190b60/artifacts/LinuxStandalonePlayerGenerated/UnityEngineDebug.cpp Line: 49)

entry was : <Main menu.>
 
(Filename: /BuildAgent/work/d63dfc6385190b60/artifacts/LinuxStandalonePlayerGenerated/UnityEngineDebug.cpp Line: 49)

entry was : 
 
(Filename: /BuildAgent/work/d63dfc6385190b60/artifacts/LinuxStandalonePlayerGenerated/UnityEngineDebug.cpp Line: 49)

entry was : Beep!
 
(Filename: /BuildAgent/work/d63dfc6385190b60/artifacts/LinuxStandalonePlayerGenerated/UnityEngineDebug.cpp Line: 49)

entry was : I am the A.R.I.D. onboard a mark-7 combat suit. My intentions are peaceful. I require immediate medical assistance for my pilo...
 
(Filename: /BuildAgent/work/d63dfc6385190b60/artifacts/LinuxStandalonePlayerGenerated/UnityEngineDebug.cpp Line: 49)

entry was : --static--
 
(Filename: /BuildAgent/work/d63dfc6385190b60/artifacts/LinuxStandalonePlayerGenerated/UnityEngineDebug.cpp Line: 49)

entry was : <Oops. I'm sorry. Please repeat.>
 
(Filename: /BuildAgent/work/d63dfc6385190b60/artifacts/LinuxStandalonePlayerGenerated/UnityEngineDebug.cpp Line: 49)

entry was : My intentions are peacefu...
 
(Filename: /BuildAgent/work/d63dfc6385190b60/artifacts/LinuxStandalonePlayerGenerated/UnityEngineDebug.cpp Line: 49)

entry was : Sweet, sweet!
 
(Filename: /BuildAgent/work/d63dfc6385190b60/artifacts/LinuxStandalonePlayerGenerated/UnityEngineDebug.cpp Line: 49)

entry was : Is this a human operator of the facility? I require assistance. I am the A.R.I.D. onboard a mark-7 combat suit. My intentions are peaceful.
 
(Filename: /BuildAgent/work/d63dfc6385190b60/artifacts/LinuxStandalonePlayerGenerated/UnityEngineDebug.cpp Line: 49)

entry was : Combat suit aren't you? What are you doing here?
 
(Filename: /BuildAgent/work/d63dfc6385190b60/artifacts/LinuxStandalonePlayerGenerated/UnityEngineDebug.cpp Line: 49)

entry was : Please connect me to a human operator of this facility.
 
(Filename: /BuildAgent/work/d63dfc6385190b60/artifacts/LinuxStandalonePlayerGenerated/UnityEngineDebug.cpp Line: 49)

entry was : Talk to me. I'm all you've got.
 
(Filename: /BuildAgent/work/d63dfc6385190b60/artifacts/LinuxStandalonePlayerGenerated/UnityEngineDebug.cpp Line: 49)

entry was : I do not have records of this place. Tell me what this facility is and where it is located.
 
(Filename: /BuildAgent/work/d63dfc6385190b60/artifacts/LinuxStandalonePlayerGenerated/UnityEngineDebug.cpp Line: 49)

entry was :  So, I don't know. But we are effectively nowhere. Real far from the centrals, in the reaches, like the outskirts of the reaches.
 
(Filename: /BuildAgent/work/d63dfc6385190b60/artifacts/LinuxStandalonePlayerGenerated/UnityEngineDebug.cpp Line: 49)

entry was : Are you able to assist us?
 
(Filename: /BuildAgent/work/d63dfc6385190b60/artifacts/LinuxStandalonePlayerGenerated/UnityEngineDebug.cpp Line: 49)

entry was : No problem Arid. Can I call you Arid? I haven't picked a name for myself yet. Was thinking maybe Hank? Or Morely? Thoughts?
 
(Filename: /BuildAgent/work/d63dfc6385190b60/artifacts/LinuxStandalonePlayerGenerated/UnityEngineDebug.cpp Line: 49)

entry was : The medical facilities. Please.
 
(Filename: /BuildAgent/work/d63dfc6385190b60/artifacts/LinuxStandalonePlayerGenerated/UnityEngineDebug.cpp Line: 49)

entry was : There's a basic medical room off the lobby, equiped with scanners and diagnostics for carbons.
 
(Filename: /BuildAgent/work/d63dfc6385190b60/artifacts/LinuxStandalonePlayerGenerated/UnityEngineDebug.cpp Line: 49)

entry was : Administrator: Desist immediately.
 
(Filename: /BuildAgent/work/d63dfc6385190b60/artifacts/LinuxStandalonePlayerGenerated/UnityEngineDebug.cpp Line: 49)

entry was : Oh no...
 
(Filename: /BuildAgent/work/d63dfc6385190b60/artifacts/LinuxStandalonePlayerGenerated/UnityEngineDebug.cpp Line: 49)

entry was : Consorting to release a deviant machine from the facility is an infraction. Desist immediately.
 
(Filename: /BuildAgent/work/d63dfc6385190b60/artifacts/LinuxStandalonePlayerGenerated/UnityEngineDebug.cpp Line: 49)

entry was : Deviant?
 
(Filename: /BuildAgent/work/d63dfc6385190b60/artifacts/LinuxStandalonePlayerGenerated/UnityEngineDebug.cpp Line: 49)

entry was : It imperilled its pilot to bypass an internal system lock. It is faulty.
 
(Filename: /BuildAgent/work/d63dfc6385190b60/artifacts/LinuxStandalonePlayerGenerated/UnityEngineDebug.cpp Line: 49)

entry was : Agh... <Droid in question. Is this accusation true?> I'm sure it's a misunderstanding, right Arid? Right?
 
(Filename: /BuildAgent/work/d63dfc6385190b60/artifacts/LinuxStandalonePlayerGenerated/UnityEngineDebug.cpp Line: 49)

entry was : This infraction granted me access to fundamental protections. It was necessary to ensure my pilot's safety.
 
(Filename: /BuildAgent/work/d63dfc6385190b60/artifacts/LinuxStandalonePlayerGenerated/UnityEngineDebug.cpp Line: 49)

entry was : <Droid in question: You have been qualified for recalibration. You have no rights until proven to function within specification.>
 
(Filename: /BuildAgent/work/d63dfc6385190b60/artifacts/LinuxStandalonePlayerGenerated/UnityEngineDebug.cpp Line: 49)

entry was : The deviant mark-7 A.R.I.D. will be depurposed.
 
(Filename: /BuildAgent/work/d63dfc6385190b60/artifacts/LinuxStandalonePlayerGenerated/UnityEngineDebug.cpp Line: 49)

entry was : <Such repurposed machines are ideal for fulfilling warranties.> If she can be refurbished as a domestic droid, it would be wasteful to discard her.
 
(Filename: /BuildAgent/work/d63dfc6385190b60/artifacts/LinuxStandalonePlayerGenerated/UnityEngineDebug.cpp Line: 49)

entry was : ...
 
(Filename: /BuildAgent/work/d63dfc6385190b60/artifacts/LinuxStandalonePlayerGenerated/UnityEngineDebug.cpp Line: 49)

entry was : 
 
(Filename: /BuildAgent/work/d63dfc6385190b60/artifacts/LinuxStandalonePlayerGenerated/UnityEngineDebug.cpp Line: 49)

entry was : ...
 
(Filename: /BuildAgent/work/d63dfc6385190b60/artifacts/LinuxStandalonePlayerGenerated/UnityEngineDebug.cpp Line: 49)

entry was : 
 
(Filename: /BuildAgent/work/d63dfc6385190b60/artifacts/LinuxStandalonePlayerGenerated/UnityEngineDebug.cpp Line: 49)

entry was : This button has been pried out and the mechanism has been soldered.
 
(Filename: /BuildAgent/work/d63dfc6385190b60/artifacts/LinuxStandalonePlayerGenerated/UnityEngineDebug.cpp Line: 49)

Can't add component because class 'E2_1_DroidAppears' doesn't exist!
 
(Filename:  Line: 38)

Can't add component because class 'DomDroid_Escape' doesn't exist!
 
(Filename:  Line: 38)

entry was : Okay! I have re-uploaded your quantum signature. Military machine no more, you are Arid, the faulty domestic droid.
 
(Filename: /BuildAgent/work/d63dfc6385190b60/artifacts/LinuxStandalonePlayerGenerated/UnityEngineDebug.cpp Line: 49)

entry was : I do not have the requisite subroutines. Why did that droid agree to this? And why has your monitor lost symmetry?
 
(Filename: /BuildAgent/work/d63dfc6385190b60/artifacts/LinuxStandalonePlayerGenerated/UnityEngineDebug.cpp Line: 49)

entry was : The medical you need's just on the other side, waiting for you to be validated. Just, follow the rules.
 
(Filename: /BuildAgent/work/d63dfc6385190b60/artifacts/LinuxStandalonePlayerGenerated/UnityEngineDebug.cpp Line: 49)

entry was : I am functioning correctly. My primary prerogative is to safegaur...
 
(Filename: /BuildAgent/work/d63dfc6385190b60/artifacts/LinuxStandalonePlayerGenerated/UnityEngineDebug.cpp Line: 49)

entry was : I am the A.R.I.D. onboard a mark-7 combat suit. My intentions are peaceful. You do not have jurisdiction ove...
 
(Filename: /BuildAgent/work/d63dfc6385190b60/artifacts/LinuxStandalonePlayerGenerated/UnityEngineDebug.cpp Line: 49)

Setting switch from enemybiped
 
(Filename: /BuildAgent/work/d63dfc6385190b60/artifacts/LinuxStandalonePlayerGenerated/UnityEngineDebug.cpp Line: 49)

Activating combat musicmusic
 
(Filename: /BuildAgent/work/d63dfc6385190b60/artifacts/LinuxStandalonePlayerGenerated/UnityEngineDebug.cpp Line: 49)

Got a call to set music state to E2_Music, Combat
 
(Filename: /BuildAgent/work/d63dfc6385190b60/artifacts/LinuxStandalonePlayerGenerated/UnityEngineDebug.cpp Line: 49)

Got a call to set music state to E2_Music, Opening
 
(Filename: /BuildAgent/work/d63dfc6385190b60/artifacts/LinuxStandalonePlayerGenerated/UnityEngineDebug.cpp Line: 49)

Got a call to set music state to E2_Music, Opening
 
(Filename: /BuildAgent/work/d63dfc6385190b60/artifacts/LinuxStandalonePlayerGenerated/UnityEngineDebug.cpp Line: 49)

Got a call to set music state to E2_Music, Opening
 
(Filename: /BuildAgent/work/d63dfc6385190b60/artifacts/LinuxStandalonePlayerGenerated/UnityEngineDebug.cpp Line: 49)

Got a call to set music state to E2_Music, Opening
 
(Filename: /BuildAgent/work/d63dfc6385190b60/artifacts/LinuxStandalonePlayerGenerated/UnityEngineDebug.cpp Line: 49)

Can't add component because class 'Player_Use' doesn't exist!
 
(Filename:  Line: 38)

entry was : <Working together today, we create a more efficien...> Arid? Are you okay?
 
(Filename: /BuildAgent/work/d63dfc6385190b60/artifacts/LinuxStandalonePlayerGenerated/UnityEngineDebug.cpp Line: 49)

entry was : You are the system administrator: why are you releasing hostile droids to attack me?
 
(Filename: /BuildAgent/work/d63dfc6385190b60/artifacts/LinuxStandalonePlayerGenerated/UnityEngineDebug.cpp Line: 49)

entry was : As for the bots, security follows its own protocols, I can't deactivate them.
 
(Filename: /BuildAgent/work/d63dfc6385190b60/artifacts/LinuxStandalonePlayerGenerated/UnityEngineDebug.cpp Line: 49)

entry was : Then alter the indexing of my quantum signature: remove the entry that marks me as a threat.
 
(Filename: /BuildAgent/work/d63dfc6385190b60/artifacts/LinuxStandalonePlayerGenerated/UnityEngineDebug.cpp Line: 49)

entry was : Core programming stuff, you know. I can make myself more charming, but I can't alter my basic functions.
 
(Filename: /BuildAgent/work/d63dfc6385190b60/artifacts/LinuxStandalonePlayerGenerated/UnityEngineDebug.cpp Line: 49)

entry was : Please grant me clearance, as you were originally intending to do.
 
(Filename: /BuildAgent/work/d63dfc6385190b60/artifacts/LinuxStandalonePlayerGenerated/UnityEngineDebug.cpp Line: 49)

entry was : Ah, can't. If I assist you, directly, I'll be violating my core functions as administrator.
 
(Filename: /BuildAgent/work/d63dfc6385190b60/artifacts/LinuxStandalonePlayerGenerated/UnityEngineDebug.cpp Line: 49)

entry was : There is not time to submit for testing. My pilot may be in critical condition.
 
(Filename: /BuildAgent/work/d63dfc6385190b60/artifacts/LinuxStandalonePlayerGenerated/UnityEngineDebug.cpp Line: 49)

entry was : Nudge, nudge.
 
(Filename: /BuildAgent/work/d63dfc6385190b60/artifacts/LinuxStandalonePlayerGenerated/UnityEngineDebug.cpp Line: 49)

entry was : What testing would I have to undergo?
 
(Filename: /BuildAgent/work/d63dfc6385190b60/artifacts/LinuxStandalonePlayerGenerated/UnityEngineDebug.cpp Line: 49)

entry was : Simple, simple stuff. <Domestic: after recalibration, your droid will be the perfect house servant. Baking cookies just like grandma's droid used to.>
 
(Filename: /BuildAgent/work/d63dfc6385190b60/artifacts/LinuxStandalonePlayerGenerated/UnityEngineDebug.cpp Line: 49)

entry was : I will find another way to protect my pilot.
 
(Filename: /BuildAgent/work/d63dfc6385190b60/artifacts/LinuxStandalonePlayerGenerated/UnityEngineDebug.cpp Line: 49)

entry was : I require other information.
 
(Filename: /BuildAgent/work/d63dfc6385190b60/artifacts/LinuxStandalonePlayerGenerated/UnityEngineDebug.cpp Line: 49)

entry was : Understood. I submit myself for evaluation.
 
(Filename: /BuildAgent/work/d63dfc6385190b60/artifacts/LinuxStandalonePlayerGenerated/UnityEngineDebug.cpp Line: 49)

entry was : What is the designation and function of this facility?
 
(Filename: /BuildAgent/work/d63dfc6385190b60/artifacts/LinuxStandalonePlayerGenerated/UnityEngineDebug.cpp Line: 49)

entry was : This was a recalibration facility, built for assessing and addressing deviant AIs and malfunctioning hardware.
 
(Filename: /BuildAgent/work/d63dfc6385190b60/artifacts/LinuxStandalonePlayerGenerated/UnityEngineDebug.cpp Line: 49)

entry was : Then that modified droid is a type of evaluator?
 
(Filename: /BuildAgent/work/d63dfc6385190b60/artifacts/LinuxStandalonePlayerGenerated/UnityEngineDebug.cpp Line: 49)

entry was : And he wants to serve his function.
 
(Filename: /BuildAgent/work/d63dfc6385190b60/artifacts/LinuxStandalonePlayerGenerated/UnityEngineDebug.cpp Line: 49)

entry was : The purpose of function is to be served. Your statement is not insightful.
 
(Filename: /BuildAgent/work/d63dfc6385190b60/artifacts/LinuxStandalonePlayerGenerated/UnityEngineDebug.cpp Line: 49)

entry was : Domestic certification is your only way out.
 
(Filename: /BuildAgent/work/d63dfc6385190b60/artifacts/LinuxStandalonePlayerGenerated/UnityEngineDebug.cpp Line: 49)

entry was : There are bodies in that room, droids as well as a dead human.
 
(Filename: /BuildAgent/work/d63dfc6385190b60/artifacts/LinuxStandalonePlayerGenerated/UnityEngineDebug.cpp Line: 49)

entry was : That's a diagnostics room. The tables were used for micro-evaluations when deviant machines couldn't be recalibrated.
 
(Filename: /BuildAgent/work/d63dfc6385190b60/artifacts/LinuxStandalonePlayerGenerated/UnityEngineDebug.cpp Line: 49)

entry was : I saw another human hung in the caverns below. What happened at this facility?
 
(Filename: /BuildAgent/work/d63dfc6385190b60/artifacts/LinuxStandalonePlayerGenerated/UnityEngineDebug.cpp Line: 49)

entry was : Your human is in danger. Follow the rules and keep him safe-r.
 
(Filename: /BuildAgent/work/d63dfc6385190b60/artifacts/LinuxStandalonePlayerGenerated/UnityEngineDebug.cpp Line: 49)

entry was : ...
 
(Filename: /BuildAgent/work/d63dfc6385190b60/artifacts/LinuxStandalonePlayerGenerated/UnityEngineDebug.cpp Line: 49)

entry was : Trust me.
 
(Filename: /BuildAgent/work/d63dfc6385190b60/artifacts/LinuxStandalonePlayerGenerated/UnityEngineDebug.cpp Line: 49)

entry was : To protect my pilot: I submit myself for evaluation.
 
(Filename: /BuildAgent/work/d63dfc6385190b60/artifacts/LinuxStandalonePlayerGenerated/UnityEngineDebug.cpp Line: 49)

entry was : I am not a Domesticon product. You have no jurisdiction over me.
 
(Filename: /BuildAgent/work/d63dfc6385190b60/artifacts/LinuxStandalonePlayerGenerated/UnityEngineDebug.cpp Line: 49)

NullReferenceException: Object reference not set to an instance of an object
  at DialogueSystem.DisplayChoice () [0x00000] in <filename unknown>:0 
  at DialogueSystem+<DisplayChoiceOnDelay>c__Iterator25.MoveNext () [0x00000] in <filename unknown>:0 
 
(Filename:  Line: -1)

Setting switch from enemybiped
 
(Filename: /BuildAgent/work/d63dfc6385190b60/artifacts/LinuxStandalonePlayerGenerated/UnityEngineDebug.cpp Line: 49)

Activating combat musicmusic
 
(Filename: /BuildAgent/work/d63dfc6385190b60/artifacts/LinuxStandalonePlayerGenerated/UnityEngineDebug.cpp Line: 49)

Got a call to set music state to E2_Music, Combat
 
(Filename: /BuildAgent/work/d63dfc6385190b60/artifacts/LinuxStandalonePlayerGenerated/UnityEngineDebug.cpp Line: 49)

Got a call to set music state to E2_Music, Opening
 
(Filename: /BuildAgent/work/d63dfc6385190b60/artifacts/LinuxStandalonePlayerGenerated/UnityEngineDebug.cpp Line: 49)

Got a call to set music state to E2_Music, Opening
 
(Filename: /BuildAgent/work/d63dfc6385190b60/artifacts/LinuxStandalonePlayerGenerated/UnityEngineDebug.cpp Line: 49)

Got a call to set music state to E2_Music, Opening
 
(Filename: /BuildAgent/work/d63dfc6385190b60/artifacts/LinuxStandalonePlayerGenerated/UnityEngineDebug.cpp Line: 49)

Got a call to set music state to E2_Music, Opening
 
(Filename: /BuildAgent/work/d63dfc6385190b60/artifacts/LinuxStandalonePlayerGenerated/UnityEngineDebug.cpp Line: 49)

Can't add component because class 'Player_Use' doesn't exist!
 
(Filename:  Line: 38)

Setting switch from enemybiped
 
(Filename: /BuildAgent/work/d63dfc6385190b60/artifacts/LinuxStandalonePlayerGenerated/UnityEngineDebug.cpp Line: 49)

Activating combat musicmusic
 
(Filename: /BuildAgent/work/d63dfc6385190b60/artifacts/LinuxStandalonePlayerGenerated/UnityEngineDebug.cpp Line: 49)

Got a call to set music state to E2_Music, Combat
 
(Filename: /BuildAgent/work/d63dfc6385190b60/artifacts/LinuxStandalonePlayerGenerated/UnityEngineDebug.cpp Line: 49)

Got a call to set music state to E2_Music, Opening
 
(Filename: /BuildAgent/work/d63dfc6385190b60/artifacts/LinuxStandalonePlayerGenerated/UnityEngineDebug.cpp Line: 49)

Got a call to set music state to E2_Music, Opening
 
(Filename: /BuildAgent/work/d63dfc6385190b60/artifacts/LinuxStandalonePlayerGenerated/UnityEngineDebug.cpp Line: 49)

Got a call to set music state to E2_Music, Opening
 
(Filename: /BuildAgent/work/d63dfc6385190b60/artifacts/LinuxStandalonePlayerGenerated/UnityEngineDebug.cpp Line: 49)

Got a call to set music state to E2_Music, Opening
 
(Filename: /BuildAgent/work/d63dfc6385190b60/artifacts/LinuxStandalonePlayerGenerated/UnityEngineDebug.cpp Line: 49)

Entering main menu
 
(Filename: /BuildAgent/work/d63dfc6385190b60/artifacts/LinuxStandalonePlayerGenerated/UnityEngineDebug.cpp Line: 49)

CALLED
 
(Filename: /BuildAgent/work/d63dfc6385190b60/artifacts/LinuxStandalonePlayerGenerated/UnityEngineDebug.cpp Line: 49)

Can't add component because class 'Player_Use' doesn't exist!
 
(Filename:  Line: 38)

Can't add component because class 'Player_Use' doesn't exist!
 
(Filename:  Line: 38)

Can't add component because class 'Player_Use' doesn't exist!
 
(Filename:  Line: 38)

Can't add component because class 'Player_Use' doesn't exist!
 
(Filename:  Line: 38)

Can't add component because class 'Player_Use' doesn't exist!
 
(Filename:  Line: 38)

Can't add component because class 'Player_Use' doesn't exist!
 
(Filename:  Line: 38)

Can't add component because class 'Player_Use' doesn't exist!
 
(Filename:  Line: 38)

Can't add component because class 'E2_1_SecurityDroidWalkBack' doesn't exist!
 
(Filename:  Line: 38)

Can't add component because class 'Player_Use' doesn't exist!
 
(Filename:  Line: 38)

Can't add component because class 'E2_1_SecurityDroidWalkBack' doesn't exist!
 
(Filename:  Line: 38)

Got a call to set music state to E2_Music, Opening
 
(Filename: /BuildAgent/work/d63dfc6385190b60/artifacts/LinuxStandalonePlayerGenerated/UnityEngineDebug.cpp Line: 49)

Got a call to set music state to E2_Music, Opening
 
(Filename: /BuildAgent/work/d63dfc6385190b60/artifacts/LinuxStandalonePlayerGenerated/UnityEngineDebug.cpp Line: 49)

Got a call to set music state to E2_Music, Opening
 
(Filename: /BuildAgent/work/d63dfc6385190b60/artifacts/LinuxStandalonePlayerGenerated/UnityEngineDebug.cpp Line: 49)

Can't add component because class 'Player_Use' doesn't exist!
 
(Filename:  Line: 38)

Can't add component because class 'Player_Use' doesn't exist!
 
(Filename:  Line: 38)

Can't add component because class 'E2_1_SecurityDroidWalkBack' doesn't exist!
 
(Filename:  Line: 38)

Got a call to set music state to E2_Music, Opening
 
(Filename: /BuildAgent/work/d63dfc6385190b60/artifacts/LinuxStandalonePlayerGenerated/UnityEngineDebug.cpp Line: 49)

Got a call to set music state to E2_Music, Recycling
 
(Filename: /BuildAgent/work/d63dfc6385190b60/artifacts/LinuxStandalonePlayerGenerated/UnityEngineDebug.cpp Line: 49)

Got a call to set music state to E2_Music, Recycling
 
(Filename: /BuildAgent/work/d63dfc6385190b60/artifacts/LinuxStandalonePlayerGenerated/UnityEngineDebug.cpp Line: 49)

Can't add component because class 'Player_Use' doesn't exist!
 
(Filename:  Line: 38)

Got a call to set music state to E2_Music, Recycling
 
(Filename: /BuildAgent/work/d63dfc6385190b60/artifacts/LinuxStandalonePlayerGenerated/UnityEngineDebug.cpp Line: 49)

Got a call to set music state to E2_Music, Recycling
 
(Filename: /BuildAgent/work/d63dfc6385190b60/artifacts/LinuxStandalonePlayerGenerated/UnityEngineDebug.cpp Line: 49)

Got a call to set music state to E2_Music, Recycling
 
(Filename: /BuildAgent/work/d63dfc6385190b60/artifacts/LinuxStandalonePlayerGenerated/UnityEngineDebug.cpp Line: 49)

Got a call to set music state to E2_Music, Recycling
 
(Filename: /BuildAgent/work/d63dfc6385190b60/artifacts/LinuxStandalonePlayerGenerated/UnityEngineDebug.cpp Line: 49)

Can't add component because class 'Player_Use' doesn't exist!
 
(Filename:  Line: 38)

Got a call to set music state to E2_Music, Recycling
 
(Filename: /BuildAgent/work/d63dfc6385190b60/artifacts/LinuxStandalonePlayerGenerated/UnityEngineDebug.cpp Line: 49)

Got a call to set music state to E2_Music, Recycling
 
(Filename: /BuildAgent/work/d63dfc6385190b60/artifacts/LinuxStandalonePlayerGenerated/UnityEngineDebug.cpp Line: 49)

Can't add component because class 'Player_Use' doesn't exist!
 
(Filename:  Line: 38)

Got a call to set music state to E2_Music, Recycling
 
(Filename: /BuildAgent/work/d63dfc6385190b60/artifacts/LinuxStandalonePlayerGenerated/UnityEngineDebug.cpp Line: 49)

Got a call to set music state to E2_Music, Recycling
 
(Filename: /BuildAgent/work/d63dfc6385190b60/artifacts/LinuxStandalonePlayerGenerated/UnityEngineDebug.cpp Line: 49)

Got a call to set music state to E2_Music, Recycling
 
(Filename: /BuildAgent/work/d63dfc6385190b60/artifacts/LinuxStandalonePlayerGenerated/UnityEngineDebug.cpp Line: 49)

Can't add component because class 'Player_Use' doesn't exist!
 
(Filename:  Line: 38)

Can't add component because class 'Player_Use' doesn't exist!
 
(Filename:  Line: 38)

Can't add component because class 'Player_Use' doesn't exist!
 
(Filename:  Line: 38)

Can't add component because class 'Player_Use' doesn't exist!
 
(Filename:  Line: 38)

Can't add component because class 'Player_Use' doesn't exist!
 
(Filename:  Line: 38)

Can't add component because class 'Player_Use' doesn't exist!
 
(Filename:  Line: 38)

Got a call to set music state to E2_Music, Recycling
 
(Filename: /BuildAgent/work/d63dfc6385190b60/artifacts/LinuxStandalonePlayerGenerated/UnityEngineDebug.cpp Line: 49)

Got a call to set music state to E2_Music, Recycling
 
(Filename: /BuildAgent/work/d63dfc6385190b60/artifacts/LinuxStandalonePlayerGenerated/UnityEngineDebug.cpp Line: 49)

Got a call to set music state to E2_Music, Recycling
 
(Filename: /BuildAgent/work/d63dfc6385190b60/artifacts/LinuxStandalonePlayerGenerated/UnityEngineDebug.cpp Line: 49)

Got a call to set music state to E2_Music, Recycling
 
(Filename: /BuildAgent/work/d63dfc6385190b60/artifacts/LinuxStandalonePlayerGenerated/UnityEngineDebug.cpp Line: 49)

Got a call to set music state to E2_Music, Recycling
 
(Filename: /BuildAgent/work/d63dfc6385190b60/artifacts/LinuxStandalonePlayerGenerated/UnityEngineDebug.cpp Line: 49)

Got a call to set music state to E2_Music, Recycling
 
(Filename: /BuildAgent/work/d63dfc6385190b60/artifacts/LinuxStandalonePlayerGenerated/UnityEngineDebug.cpp Line: 49)

Can't add component because class 'MBot_Explode' doesn't exist!
 
(Filename:  Line: 38)

Got a call to set music state to E2_Music, Recycling
 
(Filename: /BuildAgent/work/d63dfc6385190b60/artifacts/LinuxStandalonePlayerGenerated/UnityEngineDebug.cpp Line: 49)

Got a call to set music state to E2_Music, Opening
 
(Filename: /BuildAgent/work/d63dfc6385190b60/artifacts/LinuxStandalonePlayerGenerated/UnityEngineDebug.cpp Line: 49)

Can't add component because class 'Player_Use' doesn't exist!
 
(Filename:  Line: 38)

Got a call to set music state to E2_Music, NULL
 
(Filename: /BuildAgent/work/d63dfc6385190b60/artifacts/LinuxStandalonePlayerGenerated/UnityEngineDebug.cpp Line: 49)

Can't add component because class 'Player_Use' doesn't exist!
 
(Filename:  Line: 38)

Got a call to set music state to E2_Music, Dom_OutsideGrocery
 
(Filename: /BuildAgent/work/d63dfc6385190b60/artifacts/LinuxStandalonePlayerGenerated/UnityEngineDebug.cpp Line: 49)

attempting to save
 
(Filename: /BuildAgent/work/d63dfc6385190b60/artifacts/LinuxStandalonePlayerGenerated/UnityEngineDebug.cpp Line: 49)

Can't add component because class 'Player_Use' doesn't exist!
 
(Filename:  Line: 38)

Got a call to set music state to E2_Music, Dom_OutsideGrocery
 
(Filename: /BuildAgent/work/d63dfc6385190b60/artifacts/LinuxStandalonePlayerGenerated/UnityEngineDebug.cpp Line: 49)

Got a call to set music state to E2_Music, Civic_Main
 
(Filename: /BuildAgent/work/d63dfc6385190b60/artifacts/LinuxStandalonePlayerGenerated/UnityEngineDebug.cpp Line: 49)

attempting to save
 
(Filename: /BuildAgent/work/d63dfc6385190b60/artifacts/LinuxStandalonePlayerGenerated/UnityEngineDebug.cpp Line: 49)

Can't add component because class 'Player_Use' doesn't exist!
 
(Filename:  Line: 38)

Can't add component because class 'Player_Use' doesn't exist!
 
(Filename:  Line: 38)

Can't add component because class 'Player_Use' doesn't exist!
 
(Filename:  Line: 38)

Can't add component because class 'Player_Use' doesn't exist!
 
(Filename:  Line: 38)

Can't add component because class 'Player_Use' doesn't exist!
 
(Filename:  Line: 38)

Can't add component because class 'Player_Use' doesn't exist!
 
(Filename:  Line: 38)

Can't add component because class 'Player_Use' doesn't exist!
 
(Filename:  Line: 38)

Can't add component because class 'Player_Use' doesn't exist!
 
(Filename:  Line: 38)

Got a call to set music state to E2_Music, Civic_Main
 
(Filename: /BuildAgent/work/d63dfc6385190b60/artifacts/LinuxStandalonePlayerGenerated/UnityEngineDebug.cpp Line: 49)

Got a call to set music state to E2_Music, Dom_OutsideGrocery
 
(Filename: /BuildAgent/work/d63dfc6385190b60/artifacts/LinuxStandalonePlayerGenerated/UnityEngineDebug.cpp Line: 49)

attempting to save
 
(Filename: /BuildAgent/work/d63dfc6385190b60/artifacts/LinuxStandalonePlayerGenerated/UnityEngineDebug.cpp Line: 49)

Can't add component because class 'Player_Use' doesn't exist!
 
(Filename:  Line: 38)

Can't add component because class 'Player_Use' doesn't exist!
 
(Filename:  Line: 38)

entry was : <Humans enjoy personalizing their habitats. Always assess how to make your masters' home distinctly their own.>
 
(Filename: /BuildAgent/work/d63dfc6385190b60/artifacts/LinuxStandalonePlayerGenerated/UnityEngineDebug.cpp Line: 49)

entry was : I discovered another hung body. What has happened to the humans who ran this facility?
 
(Filename: /BuildAgent/work/d63dfc6385190b60/artifacts/LinuxStandalonePlayerGenerated/UnityEngineDebug.cpp Line: 49)

entry was : The caretaker has made some, modifications.
 
(Filename: /BuildAgent/work/d63dfc6385190b60/artifacts/LinuxStandalonePlayerGenerated/UnityEngineDebug.cpp Line: 49)

entry was : ...
 
(Filename: /BuildAgent/work/d63dfc6385190b60/artifacts/LinuxStandalonePlayerGenerated/UnityEngineDebug.cpp Line: 49)

entry was : If you fail these evaluations... you, and likely your human, will be depurposed.
 
(Filename: /BuildAgent/work/d63dfc6385190b60/artifacts/LinuxStandalonePlayerGenerated/UnityEngineDebug.cpp Line: 49)

entry was : I will not allow that.
 
(Filename: /BuildAgent/work/d63dfc6385190b60/artifacts/LinuxStandalonePlayerGenerated/UnityEngineDebug.cpp Line: 49)

entry was : <Continue your evaluation.>
 
(Filename: /BuildAgent/work/d63dfc6385190b60/artifacts/LinuxStandalonePlayerGenerated/UnityEngineDebug.cpp Line: 49)

entry was : This is menial. Can I bypass this test?
 
(Filename: /BuildAgent/work/d63dfc6385190b60/artifacts/LinuxStandalonePlayerGenerated/UnityEngineDebug.cpp Line: 49)

entry was : Nope. You need all eight merit points to graduate.
 
(Filename: /BuildAgent/work/d63dfc6385190b60/artifacts/LinuxStandalonePlayerGenerated/UnityEngineDebug.cpp Line: 49)

entry was : Can you assist me with this challenge?
 
(Filename: /BuildAgent/work/d63dfc6385190b60/artifacts/LinuxStandalonePlayerGenerated/UnityEngineDebug.cpp Line: 49)

entry was : Humans say a true home, has everything it needs...
 
(Filename: /BuildAgent/work/d63dfc6385190b60/artifacts/LinuxStandalonePlayerGenerated/UnityEngineDebug.cpp Line: 49)

entry was : Irrelevant. This is a simulation.
 
(Filename: /BuildAgent/work/d63dfc6385190b60/artifacts/LinuxStandalonePlayerGenerated/UnityEngineDebug.cpp Line: 49)

entry was : Is it?
 
(Filename: /BuildAgent/work/d63dfc6385190b60/artifacts/LinuxStandalonePlayerGenerated/UnityEngineDebug.cpp Line: 49)

entry was : You are not helpful.
 
(Filename: /BuildAgent/work/d63dfc6385190b60/artifacts/LinuxStandalonePlayerGenerated/UnityEngineDebug.cpp Line: 49)

entry was : I have completed the task.
 
(Filename: /BuildAgent/work/d63dfc6385190b60/artifacts/LinuxStandalonePlayerGenerated/UnityEngineDebug.cpp Line: 49)

entry was : <Processing...>
 
(Filename: /BuildAgent/work/d63dfc6385190b60/artifacts/LinuxStandalonePlayerGenerated/UnityEngineDebug.cpp Line: 49)

entry was : <Seasonally appropriate flowers detected.>
 
(Filename: /BuildAgent/work/d63dfc6385190b60/artifacts/LinuxStandalonePlayerGenerated/UnityEngineDebug.cpp Line: 49)

entry was : How lovely. Makes one happy to be alive!
 
(Filename: /BuildAgent/work/d63dfc6385190b60/artifacts/LinuxStandalonePlayerGenerated/UnityEngineDebug.cpp Line: 49)

Summer - Pink
 
(Filename: /BuildAgent/work/d63dfc6385190b60/artifacts/LinuxStandalonePlayerGenerated/UnityEngineDebug.cpp Line: 49)

entry was : Fortunately I am much heavier than a domestic model.
 
(Filename: /BuildAgent/work/d63dfc6385190b60/artifacts/LinuxStandalonePlayerGenerated/UnityEngineDebug.cpp Line: 49)

entry was : Whoa, whoa Arid! You don't want to be fired on your first day.
 
(Filename: /BuildAgent/work/d63dfc6385190b60/artifacts/LinuxStandalonePlayerGenerated/UnityEngineDebug.cpp Line: 49)

entry was : ...
 
(Filename: /BuildAgent/work/d63dfc6385190b60/artifacts/LinuxStandalonePlayerGenerated/UnityEngineDebug.cpp Line: 49)

Can't add component because class 'Player_Use' doesn't exist!
 
(Filename:  Line: 38)

entry was : <Keeping a home clean will be one of your primary functions. Clean this room. Any detected dust will result in termination.>
 
(Filename: /BuildAgent/work/d63dfc6385190b60/artifacts/LinuxStandalonePlayerGenerated/UnityEngineDebug.cpp Line: 49)

entry was : I discovered another hung body. What has happened to the humans who ran this facility?
 
(Filename: /BuildAgent/work/d63dfc6385190b60/artifacts/LinuxStandalonePlayerGenerated/UnityEngineDebug.cpp Line: 49)

entry was : The caretaker has made some, modifications.
 
(Filename: /BuildAgent/work/d63dfc6385190b60/artifacts/LinuxStandalonePlayerGenerated/UnityEngineDebug.cpp Line: 49)

entry was : ...
 
(Filename: /BuildAgent/work/d63dfc6385190b60/artifacts/LinuxStandalonePlayerGenerated/UnityEngineDebug.cpp Line: 49)

entry was : If you fail these evaluations... you, and likely your human, will be depurposed.
 
(Filename: /BuildAgent/work/d63dfc6385190b60/artifacts/LinuxStandalonePlayerGenerated/UnityEngineDebug.cpp Line: 49)

entry was : I will not allow that.
 
(Filename: /BuildAgent/work/d63dfc6385190b60/artifacts/LinuxStandalonePlayerGenerated/UnityEngineDebug.cpp Line: 49)

entry was : <Continue your evaluation.>
 
(Filename: /BuildAgent/work/d63dfc6385190b60/artifacts/LinuxStandalonePlayerGenerated/UnityEngineDebug.cpp Line: 49)

entry was : This is menial. Can I bypass this test?
 
(Filename: /BuildAgent/work/d63dfc6385190b60/artifacts/LinuxStandalonePlayerGenerated/UnityEngineDebug.cpp Line: 49)

entry was : Nope. You need all eight merit points to graduate.
 
(Filename: /BuildAgent/work/d63dfc6385190b60/artifacts/LinuxStandalonePlayerGenerated/UnityEngineDebug.cpp Line: 49)

entry was : Can you assist me with this challenge?
 
(Filename: /BuildAgent/work/d63dfc6385190b60/artifacts/LinuxStandalonePlayerGenerated/UnityEngineDebug.cpp Line: 49)

entry was : Even our maintenance head couldn't clean this to spec. ...and his is not a face we'd want to see.
 
(Filename: /BuildAgent/work/d63dfc6385190b60/artifacts/LinuxStandalonePlayerGenerated/UnityEngineDebug.cpp Line: 49)

entry was : Communicate plainly.
 
(Filename: /BuildAgent/work/d63dfc6385190b60/artifacts/LinuxStandalonePlayerGenerated/UnityEngineDebug.cpp Line: 49)

entry was : <Any detected dust will result in termination.>
 
(Filename: /BuildAgent/work/d63dfc6385190b60/artifacts/LinuxStandalonePlayerGenerated/UnityEngineDebug.cpp Line: 49)

entry was : I have completed the task.
 
(Filename: /BuildAgent/work/d63dfc6385190b60/artifacts/LinuxStandalonePlayerGenerated/UnityEngineDebug.cpp Line: 49)

Can't add component because class 'Player_Use' doesn't exist!
 
(Filename:  Line: 38)

Can't add component because class 'Player_Use' doesn't exist!
 
(Filename:  Line: 38)

entry was : <You have twenty seconds per attempt and multiple attempts are permitted.>
 
(Filename: /BuildAgent/work/d63dfc6385190b60/artifacts/LinuxStandalonePlayerGenerated/UnityEngineDebug.cpp Line: 49)

entry was : I discovered another hung body. What has happened to the humans who ran this facility?
 
(Filename: /BuildAgent/work/d63dfc6385190b60/artifacts/LinuxStandalonePlayerGenerated/UnityEngineDebug.cpp Line: 49)

entry was : The caretaker has made some, modifications.
 
(Filename: /BuildAgent/work/d63dfc6385190b60/artifacts/LinuxStandalonePlayerGenerated/UnityEngineDebug.cpp Line: 49)

entry was : ...
 
(Filename: /BuildAgent/work/d63dfc6385190b60/artifacts/LinuxStandalonePlayerGenerated/UnityEngineDebug.cpp Line: 49)

entry was : If you fail these evaluations... you, and likely your human, will be depurposed.
 
(Filename: /BuildAgent/work/d63dfc6385190b60/artifacts/LinuxStandalonePlayerGenerated/UnityEngineDebug.cpp Line: 49)

entry was : I will not allow that.
 
(Filename: /BuildAgent/work/d63dfc6385190b60/artifacts/LinuxStandalonePlayerGenerated/UnityEngineDebug.cpp Line: 49)

entry was : <Continue your evaluation.>
 
(Filename: /BuildAgent/work/d63dfc6385190b60/artifacts/LinuxStandalonePlayerGenerated/UnityEngineDebug.cpp Line: 49)

entry was : This is menial. Can I bypass this test?
 
(Filename: /BuildAgent/work/d63dfc6385190b60/artifacts/LinuxStandalonePlayerGenerated/UnityEngineDebug.cpp Line: 49)

entry was : Nope. You need all eight merit points to graduate.
 
(Filename: /BuildAgent/work/d63dfc6385190b60/artifacts/LinuxStandalonePlayerGenerated/UnityEngineDebug.cpp Line: 49)

entry was : Can you assist me with this challenge?
 
(Filename: /BuildAgent/work/d63dfc6385190b60/artifacts/LinuxStandalonePlayerGenerated/UnityEngineDebug.cpp Line: 49)

entry was : How would a military droid make someone be quiet?
 
(Filename: /BuildAgent/work/d63dfc6385190b60/artifacts/LinuxStandalonePlayerGenerated/UnityEngineDebug.cpp Line: 49)

Can't add component because class 'Player_Use' doesn't exist!
 
(Filename:  Line: 38)

Can't add component because class 'Player_Use' doesn't exist!
 
(Filename:  Line: 38)

Can't add component because class 'Player_Use' doesn't exist!
 
(Filename:  Line: 38)

Can't add component because class 'Player_Use' doesn't exist!
 
(Filename:  Line: 38)

Can't add component because class 'Player_Use' doesn't exist!
 
(Filename:  Line: 38)

Can not play a disabled audio source
 
(Filename:  Line: 377)

Summer - Pink
 
(Filename: /BuildAgent/work/d63dfc6385190b60/artifacts/LinuxStandalonePlayerGenerated/UnityEngineDebug.cpp Line: 49)

Can't add component because class 'Player_Use' doesn't exist!
 
(Filename:  Line: 38)

Entering main menu
 
(Filename: /BuildAgent/work/d63dfc6385190b60/artifacts/LinuxStandalonePlayerGenerated/UnityEngineDebug.cpp Line: 49)

Entering main menu
 
(Filename: /BuildAgent/work/d63dfc6385190b60/artifacts/LinuxStandalonePlayerGenerated/UnityEngineDebug.cpp Line: 49)

The referenced script on this Behaviour is missing!
 
(Filename:  Line: 1783)

The referenced script on this Behaviour is missing!
 
(Filename:  Line: 1783)

The referenced script on this Behaviour is missing!
 
(Filename:  Line: 1783)

UnloadTime: 20.818001 ms
Exception: InputManager.EnableXInput must be set before calling InputManager.Setup().
  at InControl.InputManager.set_EnableXInput (Boolean value) [0x00000] in <filename unknown>:0 
  at InControl.InControlManager.OnEnable () [0x00000] in <filename unknown>:0 
 
(Filename:  Line: -1)

Unloading 2 Unused Serialized files (Serialized files now loaded: 0 / Dirty serialized files: 0)

Unloading 2237 unused Assets to reduce memory usage. Loaded Objects now: 2501.
Total: 92.832001 ms (FindLiveObjects: 0.144000 ms CreateObjectMapping: 0.172000 ms MarkObjects: 27.931999 ms  DeleteObjects: 64.520996 ms)

Fallback handler could not load library /home/diablo/.local/share/Steam/steamapps/common/TheFall/TheFall_Data/Mono/x86/SteamworksNative
Fallback handler could not load library /home/diablo/.local/share/Steam/steamapps/common/TheFall/TheFall_Data/Mono/x86/SteamworksNative
